<![LOG[======== INITIALISING LOG FILE & CHECKING PREREQUISITES ========]LOG]!><time="13:23:39.911 -300" date="04-07-2021" component="DriverAutomationTool" context="INT\charles.bailey" type="1" thread="122232" file="">
<![LOG[Info: Driver Automation Tool version - 6.4.9]LOG]!><time="13:23:40.222 -300" date="04-07-2021" component="DriverAutomationTool" context="INT\charles.bailey" type="1" thread="122232" file="">
<![LOG[Info: Log File Location - C:\Github Repos\DriverAutomationTool\Content\Logs]LOG]!><time="13:23:40.248 -300" date="04-07-2021" component="DriverAutomationTool" context="INT\charles.bailey" type="1" thread="122232" file="">
<![LOG[Info: Settings File Location - C:\Github Repos\DriverAutomationTool\Content\Settings]LOG]!><time="13:23:40.271 -300" date="04-07-2021" component="DriverAutomationTool" context="INT\charles.bailey" type="1" thread="122232" file="">
<![LOG[Info: Temp File Location - C:\Github Repos\DriverAutomationTool\Content\Temp]LOG]!><time="13:23:40.297 -300" date="04-07-2021" component="DriverAutomationTool" context="INT\charles.bailey" type="1" thread="122232" file="">
<![LOG[======== Checking for 7-Zip Installation ========]LOG]!><time="13:23:40.322 -300" date="04-07-2021" component="DriverAutomationTool" context="INT\charles.bailey" type="1" thread="122232" file="">
<![LOG[Feature: 7-Zip discovered, enabling support]LOG]!><time="13:23:40.365 -300" date="04-07-2021" component="DriverAutomationTool" context="INT\charles.bailey" type="1" thread="122232" file="">
<![LOG[======== Detecting Deployment Platform ========]LOG]!><time="13:23:40.438 -300" date="04-07-2021" component="DriverAutomationTool" context="INT\charles.bailey" type="1" thread="122232" file="">
<![LOG[======== FIRST TIME RUN DETECTED ========]LOG]!><time="13:23:40.467 -300" date="04-07-2021" component="DriverAutomationTool" context="INT\charles.bailey" type="1" thread="122232" file="">
<![LOG[Info: Checking WMI for ConfigMgr SMS_Authority Values]LOG]!><time="13:23:40.497 -300" date="04-07-2021" component="DriverAutomationTool" context="INT\charles.bailey" type="1" thread="122232" file="">
<![LOG[Info: Failed to detect ConfigMgr - Running first time demo mode]LOG]!><time="13:23:45.695 -300" date="04-07-2021" component="DriverAutomationTool" context="INT\charles.bailey" type="1" thread="122232" file="">
<![LOG[Info: Disabling MDT Options]LOG]!><time="13:23:45.868 -300" date="04-07-2021" component="DriverAutomationTool" context="INT\charles.bailey" type="1" thread="122232" file="">
<![LOG[Update Alert: Newer Version Available - 6.5.2]LOG]!><time="13:23:56.622 -300" date="04-07-2021" component="DriverAutomationTool" context="INT\charles.bailey" type="2" thread="122232" file="">
<![LOG[Update Alert: Opening New Version Form]LOG]!><time="13:23:56.648 -300" date="04-07-2021" component="DriverAutomationTool" context="INT\charles.bailey" type="2" thread="122232" file="">
<![LOG[======== Querying Model List(s) ========]LOG]!><time="13:23:57.079 -300" date="04-07-2021" component="DriverAutomationTool" context="INT\charles.bailey" type="1" thread="122232" file="">
<![LOG[Info: Downloading Dell product list]LOG]!><time="13:23:59.229 -300" date="04-07-2021" component="DriverAutomationTool" context="INT\charles.bailey" type="1" thread="122232" file="">
<![LOG[Info: Downloading Dell product cabinet file from https://downloads.dell.com/catalog/DriverPackCatalog.cab]LOG]!><time="13:23:59.288 -300" date="04-07-2021" component="DriverAutomationTool" context="INT\charles.bailey" type="1" thread="122232" file="">
<![LOG[Info: Expanding Dell driver pack cabinet file: DriverPackCatalog.xml]LOG]!><time="13:24:00.406 -300" date="04-07-2021" component="DriverAutomationTool" context="INT\charles.bailey" type="1" thread="122232" file="">
<![LOG[Info: Reading driver pack XML file - C:\Github Repos\DriverAutomationTool\Content\Temp\DriverPackCatalog.xml]LOG]!><time="13:24:01.937 -300" date="04-07-2021" component="DriverAutomationTool" context="INT\charles.bailey" type="1" thread="122232" file="">
<![LOG[Info: Found 262 Dell model driver packs for Windows 10 64 bit]LOG]!><time="13:24:06.038 -300" date="04-07-2021" component="DriverAutomationTool" context="INT\charles.bailey" type="1" thread="122232" file="">
<![LOG[======== Downloading Lenovo Catalog ========]LOG]!><time="13:24:06.071 -300" date="04-07-2021" component="DriverAutomationTool" context="INT\charles.bailey" type="1" thread="122232" file="">
<![LOG[Info: Downloading Lenovo XML catalog from https://download.lenovo.com/cdrt/td/catalogv2.xml]LOG]!><time="13:24:06.106 -300" date="04-07-2021" component="DriverAutomationTool" context="INT\charles.bailey" type="1" thread="122232" file="">
<![LOG[Info: Reading driver pack URL - https://download.lenovo.com/cdrt/td/catalogv2.xml]LOG]!><time="13:24:07.275 -300" date="04-07-2021" component="DriverAutomationTool" context="INT\charles.bailey" type="1" thread="122232" file="">
<![LOG[Info: Found 74 Lenovo model driver packs for Windows 10 64 bit]LOG]!><time="13:24:20.880 -300" date="04-07-2021" component="DriverAutomationTool" context="INT\charles.bailey" type="1" thread="122232" file="">
<![LOG[Info: Reading Driver Pack URL - https://raw.githubusercontent.com/maurice-daly/DriverAutomationTool/master/Data/MSProducts.xml]LOG]!><time="13:24:21.676 -300" date="04-07-2021" component="DriverAutomationTool" context="INT\charles.bailey" type="1" thread="122232" file="">
<![LOG[Info: Found 26 Microsoft model driver packs for Windows 10 64 bit]LOG]!><time="13:24:21.920 -300" date="04-07-2021" component="DriverAutomationTool" context="INT\charles.bailey" type="1" thread="122232" file="">
<![LOG[Info: Disabling MDT Options]LOG]!><time="13:25:09.964 -300" date="04-07-2021" component="DriverAutomationTool" context="INT\charles.bailey" type="1" thread="122232" file="">
<![LOG[======== Cleaning Up Temporary Files ========]LOG]!><time="13:31:06.863 -300" date="04-07-2021" component="DriverAutomationTool" context="INT\charles.bailey" type="1" thread="122232" file="">
<![LOG[Info: Removing Temp Folders & Source XML/CAB Files]LOG]!><time="13:31:06.922 -300" date="04-07-2021" component="DriverAutomationTool" context="INT\charles.bailey" type="1" thread="122232" file="">
<![LOG[Info: Updating DATSettings.XML file]LOG]!><time="13:31:07.109 -300" date="04-07-2021" component="DriverAutomationTool" context="INT\charles.bailey" type="1" thread="122232" file="">
